Itteration: 0
Itteration: 1
Itteration: 2
Itteration: 3
Itteration: 4
Itteration: 5
Itteration: 6
Itteration: 7
Itteration: 8
Itteration: 9
Itteration: 10
Itteration: 11
Itteration: 12
Itteration: 13
Itteration: 14
Itteration: 15
Itteration: 16
Itteration: 17
Itteration: 18
Itteration: 19
Itteration: 20
Itteration: 21
Itteration: 22
Itteration: 23
Itteration: 24
Itteration: 25
Itteration: 26
Itteration: 27
Itteration: 28
Itteration: 29
Itteration: 30
Itteration: 31
Itteration: 32
Itteration: 33
Itteration: 34
Itteration: 35
Itteration: 36
Itteration: 37
Itteration: 38
Itteration: 39
Itteration: 40
Itteration: 41
Itteration: 42
Itteration: 43
Itteration: 44
Itteration: 45
Itteration: 46
Itteration: 47
Itteration: 48
Itteration: 49
Itteration: 50
Itteration: 51
Itteration: 52
Itteration: 53
Itteration: 54
Itteration: 55
Itteration: 56
Itteration: 57
Itteration: 58
Itteration: 59
Itteration: 60
Itteration: 61
Itteration: 62
Itteration: 63
Itteration: 64
Itteration: 65
Itteration: 66
Itteration: 67
Itteration: 68
Itteration: 69
Itteration: 70
Itteration: 71
Itteration: 72
Itteration: 73
Itteration: 74
Itteration: 75
Itteration: 76
Itteration: 77
Itteration: 78
Itteration: 79
Itteration: 80
Itteration: 81
Itteration: 82
Itteration: 83
Itteration: 84
Itteration: 85
Itteration: 86
Itteration: 87
Itteration: 88
Itteration: 89
Itteration: 90
Itteration: 91
Itteration: 92
Itteration: 93
Itteration: 94
Itteration: 95
Itteration: 96
Itteration: 97
Itteration: 98
Itteration: 99
